<?xml version="1.0" encoding="UTF-8"?>
<!-- Generated by org.testng.reporters.JUnitXMLReporter -->
<testsuite ignored="0" hostname="DESKTOP-DNLPQGU" failures="0" tests="3" name="Test" time="20.725" errors="0" timestamp="2025-05-20T19:24:07 IST">
  <testcase classname="testParallelExecution.LoginTest" name="TC1" time="6.199"/>
  <testcase classname="testParallelExecution.LoginTest" name="TC2" time="7.499"/>
  <testcase classname="testParallelExecution.LoginTest" name="TC3" time="6.969"/>
</testsuite> <!-- Test -->
