<?xml version="1.0" encoding="UTF-8"?>
<testng-results ignored="0" total="1" passed="1" failed="0" skipped="0">
  <reporter-output>
  </reporter-output>
  <suite started-at="2025-07-03T15:05:26 IST" name="Default suite" finished-at="2025-07-03T15:05:41 IST" duration-ms="14876">
    <groups>
    </groups>
    <test started-at="2025-07-03T15:05:26 IST" name="Default test" finished-at="2025-07-03T15:05:41 IST" duration-ms="14876">
      <class name="findDoubts.auto.TestEngg1">
        <test-method signature="myTest()[pri:0, instance:findDoubts.auto.TestEngg1@6631f5ca]" started-at="2025-07-03T15:05:26 IST" name="myTest" finished-at="2025-07-03T15:05:41 IST" duration-ms="14836" status="PASS">
          <reporter-output>
          </reporter-output>
        </test-method> <!-- myTest -->
      </class> <!-- findDoubts.auto.TestEngg1 -->
    </test> <!-- Default test -->
  </suite> <!-- Default suite -->
</testng-results>
