<?xml version="1.0" encoding="UTF-8"?>
<testng-results ignored="4" total="12" passed="8" failed="0" skipped="0">
  <reporter-output>
  </reporter-output>
  <suite started-at="2025-05-21T10:17:09 IST" name="BatchExecutionSuit" finished-at="2025-05-21T10:18:02 IST" duration-ms="53039">
    <groups>
      <group name="smokeTest">
        <method signature="RegisterTest.TC1()[pri:0, instance:testParallelExecution.RegisterTest@33990a0c]" name="TC1" class="testParallelExecution.RegisterTest"/>
        <method signature="LoginTest.TC1()[pri:0, instance:testParallelExecution.LoginTest@25fb8912]" name="TC1" class="testParallelExecution.LoginTest"/>
      </group> <!-- smokeTest -->
    </groups>
    <test started-at="2025-05-21T10:17:09 IST" name="Test_Runner_2" finished-at="2025-05-21T10:17:49 IST" duration-ms="40755">
      <class name="testParallelExecution.LoginTest">
        <test-method signature="TC1()[pri:0, instance:testParallelExecution.LoginTest@25fb8912]" started-at="2025-05-21T10:17:09 IST" name="TC1" finished-at="2025-05-21T10:17:15 IST" duration-ms="6746" status="PASS">
          <reporter-output>
          </reporter-output>
        </test-method> <!-- TC1 -->
        <test-method signature="TC2()[pri:0, instance:testParallelExecution.LoginTest@25fb8912]" started-at="2025-05-21T10:17:15 IST" name="TC2" finished-at="2025-05-21T10:17:29 IST" duration-ms="13302" status="PASS">
          <reporter-output>
          </reporter-output>
        </test-method> <!-- TC2 -->
        <test-method signature="TC3()[pri:0, instance:testParallelExecution.LoginTest@25fb8912]" started-at="2025-05-21T10:17:29 IST" name="TC3" finished-at="2025-05-21T10:17:37 IST" duration-ms="8274" status="PASS">
          <reporter-output>
          </reporter-output>
        </test-method> <!-- TC3 -->
      </class> <!-- testParallelExecution.LoginTest -->
      <class name="testParallelExecution.RegisterTest">
        <test-method signature="TC2()[pri:0, instance:testParallelExecution.RegisterTest@7c24b813]" started-at="2025-05-21T10:17:37 IST" name="TC2" finished-at="2025-05-21T10:17:49 IST" duration-ms="12362" status="PASS">
          <reporter-output>
          </reporter-output>
        </test-method> <!-- TC2 -->
      </class> <!-- testParallelExecution.RegisterTest -->
    </test> <!-- Test_Runner_2 -->
    <test started-at="2025-05-21T10:17:09 IST" name="Test_Runner_1" finished-at="2025-05-21T10:18:02 IST" duration-ms="53039">
      <class name="testParallelExecution.LoginTest">
        <test-method signature="TC3()[pri:0, instance:testParallelExecution.LoginTest@a2431d0]" started-at="2025-05-21T10:17:09 IST" name="TC3" finished-at="2025-05-21T10:17:18 IST" duration-ms="8778" status="PASS">
          <reporter-output>
          </reporter-output>
        </test-method> <!-- TC3 -->
      </class> <!-- testParallelExecution.LoginTest -->
      <class name="testParallelExecution.RegisterTest">
        <test-method signature="TC1()[pri:0, instance:testParallelExecution.RegisterTest@33990a0c]" started-at="2025-05-21T10:17:18 IST" name="TC1" finished-at="2025-05-21T10:17:44 IST" duration-ms="26760" status="PASS">
          <reporter-output>
          </reporter-output>
        </test-method> <!-- TC1 -->
        <test-method signature="TC2()[pri:0, instance:testParallelExecution.RegisterTest@33990a0c]" started-at="2025-05-21T10:17:44 IST" name="TC2" finished-at="2025-05-21T10:17:54 IST" duration-ms="9847" status="PASS">
          <reporter-output>
          </reporter-output>
        </test-method> <!-- TC2 -->
        <test-method signature="TC3()[pri:0, instance:testParallelExecution.RegisterTest@33990a0c]" started-at="2025-05-21T10:17:54 IST" name="TC3" finished-at="2025-05-21T10:18:02 IST" duration-ms="7596" status="PASS">
          <reporter-output>
          </reporter-output>
        </test-method> <!-- TC3 -->
      </class> <!-- testParallelExecution.RegisterTest -->
    </test> <!-- Test_Runner_1 -->
  </suite> <!-- BatchExecutionSuit -->
</testng-results>
