<?xml version="1.0" encoding="UTF-8"?>
<!-- Generated by org.testng.reporters.JUnitXMLReporter -->
<testsuite ignored="2" hostname="DESKTOP-DNLPQGU" failures="0" tests="4" name="Test_Runner_2" time="40.755" errors="0" timestamp="2025-05-21T10:17:49 IST">
  <testcase classname="testParallelExecution.LoginTest" name="TC1" time="6.746"/>
  <testcase classname="testParallelExecution.LoginTest" name="TC2" time="13.302"/>
  <testcase classname="testParallelExecution.LoginTest" name="TC3" time="8.274"/>
  <testcase classname="testParallelExecution.RegisterTest" name="TC2" time="12.362"/>
  <testcase classname="testParallelExecution.RegisterTest" name="TC3" time="0.0">
    <ignored/>
  </testcase> <!-- TC3 -->
  <testcase classname="testParallelExecution.RegisterTest" name="TC1" time="0.0">
    <ignored/>
  </testcase> <!-- TC1 -->
</testsuite> <!-- Test_Runner_2 -->
