<?xml version="1.0" encoding="UTF-8"?>
<!-- Generated by org.testng.reporters.JUnitXMLReporter -->
<testsuite ignored="2" hostname="DESKTOP-DNLPQGU" failures="0" tests="4" name="Test_Runner_1" time="53.039" errors="0" timestamp="2025-05-21T10:18:02 IST">
  <testcase classname="testParallelExecution.LoginTest" name="TC3" time="8.778"/>
  <testcase classname="testParallelExecution.RegisterTest" name="TC1" time="26.76"/>
  <testcase classname="testParallelExecution.RegisterTest" name="TC2" time="9.847"/>
  <testcase classname="testParallelExecution.RegisterTest" name="TC3" time="7.596"/>
  <testcase classname="testParallelExecution.LoginTest" name="TC1" time="0.0">
    <ignored/>
  </testcase> <!-- TC1 -->
  <testcase classname="testParallelExecution.LoginTest" name="TC2" time="0.0">
    <ignored/>
  </testcase> <!-- TC2 -->
</testsuite> <!-- Test_Runner_1 -->
