<?xml version="1.0" encoding="UTF-8"?>
<!-- Generated by org.testng.reporters.JUnitXMLReporter -->
<testsuite ignored="4" hostname="DESKTOP-DNLPQGU" failures="0" tests="2" name="Test" time="40.67" errors="0" timestamp="2025-05-21T10:10:54 IST">
  <testcase classname="testParallelExecution.LoginTest" name="TC1" time="6.398"/>
  <testcase classname="testParallelExecution.RegisterTest" name="TC1" time="34.2"/>
  <testcase classname="testParallelExecution.RegisterTest" name="TC3" time="0.0">
    <ignored/>
  </testcase> <!-- TC3 -->
  <testcase classname="testParallelExecution.LoginTest" name="TC2" time="0.0">
    <ignored/>
  </testcase> <!-- TC2 -->
  <testcase classname="testParallelExecution.RegisterTest" name="TC2" time="0.0">
    <ignored/>
  </testcase> <!-- TC2 -->
  <testcase classname="testParallelExecution.LoginTest" name="TC3" time="0.0">
    <ignored/>
  </testcase> <!-- TC3 -->
</testsuite> <!-- Test -->
