<?xml version="1.0" encoding="UTF-8"?>
<!-- Generated by org.testng.reporters.JUnitXMLReporter -->
<testsuite ignored="4" hostname="DESKTOP-DNLPQGU" failures="0" tests="2" name="Test_Runner1" time="43.166" errors="0" timestamp="2025-05-21T10:12:48 IST">
  <testcase classname="testParallelExecution.LoginTest" name="TC1" time="7.865"/>
  <testcase classname="testParallelExecution.RegisterTest" name="TC1" time="35.234"/>
  <testcase classname="testParallelExecution.RegisterTest" name="TC3" time="0.0">
    <ignored/>
  </testcase> <!-- TC3 -->
  <testcase classname="testParallelExecution.LoginTest" name="TC2" time="0.0">
    <ignored/>
  </testcase> <!-- TC2 -->
  <testcase classname="testParallelExecution.RegisterTest" name="TC2" time="0.0">
    <ignored/>
  </testcase> <!-- TC2 -->
  <testcase classname="testParallelExecution.LoginTest" name="TC3" time="0.0">
    <ignored/>
  </testcase> <!-- TC3 -->
</testsuite> <!-- Test_Runner1 -->
